<?xml version="1.0" encoding="UTF-8"?>
<!-- Generated by org.testng.reporters.JUnitXMLReporter -->
<testsuite ignored="0" hostname="Deepika" failures="0" tests="3" name="InternetExplorerTest" time="0.007" errors="0" timestamp="2023-07-06T21:04:24 IST">
  <testcase classname="lambdatest.Lambdatest" name="@BeforeClass setUp" time="0.0">
    <failure type="java.lang.IllegalArgumentException" message="Invalid browser name: internet explorer">
      <![CDATA[java.lang.IllegalArgumentException: Invalid browser name: internet explorer
at lambdatest.Lambdatest.setUp(Lambdatest.java:42)
at java.base/java.util.concurrent.ThreadPoolExecutor.runWorker(ThreadPoolExecutor.java:1136)
at java.base/java.util.concurrent.ThreadPoolExecutor$Worker.run(ThreadPoolExecutor.java:635)
at java.base/java.lang.Thread.run(Thread.java:833)
... Removed 10 stack frames]]>
    </failure>
  </testcase> <!-- @BeforeClass setUp -->
  <testcase classname="lambdatest.Lambdatest" name="@AfterClass tearDown" time="-1.68865766475E9">
    <skipped/>
  </testcase> <!-- @AfterClass tearDown -->
  <testcase classname="lambdatest.Lambdatest" name="testScenario1" time="0.0">
    <skipped/>
  </testcase> <!-- testScenario1 -->
  <testcase classname="lambdatest.Lambdatest" name="testScenario2" time="0.0">
    <skipped/>
  </testcase> <!-- testScenario2 -->
  <testcase classname="lambdatest.Lambdatest" name="testScenario3" time="0.0">
    <skipped/>
  </testcase> <!-- testScenario3 -->
</testsuite> <!-- InternetExplorerTest -->
